********************************************************************************
DUPLICATOR-LITE PACKAGE-LOG: 20 April 2021 23h21
NOTICE: Do NOT post to public sites or forums 
********************************************************************************
VERSION:	1.4.0
WORDPRESS:	5.7
PHP INFO:	8.0.1 | SAPI: apache2handler
SERVER:		Apache/2.4.46 (Win64) OpenSSL/1.1.1h PHP/8.0.1 
PHP TIME LIMIT: (0) no time limit imposed 
PHP MAX MEMORY: 4294967296 (512M default) 
MEMORY STACK: 42MB

********************************************************************************
DATABASE:
********************************************************************************
BUILD MODE:   MYSQLDUMP
MYSQLTIMEOUT: 5000
MYSQLDUMP:    Is Supported
SQL CREATED: 20210420_timtechniquedintegrationmult_a4e549e6f6e8a0791517_20210420232047_database.sql
SQL FILE SIZE: 218.19KB (223429)
SQL FILE TIME: 2021-04-20 23:21:04
SQL RUNTIME: 2.05 sec.

********************************************************************************
ARCHIVE (ZIP):
********************************************************************************
ARCHIVE DIR:  C:/xampp/htdocs/4w4
ARCHIVE FILE: 20210420_timtechniquedintegrationmult_a4e549e6f6e8a0791517_20210420232047_archive.zip
FILTERS: *OFF*
DIRS:
	not set
FILES:
	not set
EXTS:  not set
----------------------------------------
COMPRESSING
SIZE:	108.13MB
STATS:	Dirs 766 | Files 6,806
SQL ADDED: 20210420_timtechniquedintegrationmult_a4e549e6f6e8a0791517_20210420232047_database.sql
ZipArchive Object
(
    [lastId] => 7571
    [status] => 0
    [statusSys] => 0
    [numFiles] => 7572
    [filename] => C:\xampp\htdocs\4w4\wp-content\backups-dup-lite\tmp\20210420_timtechniquedintegrationmult_a4e549e6f6e8a0791517_20210420232047_archive.zip
    [comment] => 
)

FILE ADDED TO ZIP: 7571
COMPRESSION RESULT: '1'
COMPRESSED SIZE: 61.82MB
ARCHIVE RUNTIME: 134.27 sec.
MEMORY STACK: 42MB
building installer
add_extra_files1
add_extra_files2
add_extra_files3
add_extra_files4
Doing archive file check
add_extra_files5
add_extra_files6
add_extra_files8
Successfully opened zip C:/xampp/htdocs/4w4/wp-content/backups-dup-lite/tmp/20210420_timtechniquedintegrationmult_a4e549e6f6e8a0791517_20210420232047_archive.zip
Adding enhanced installer files to archive using ZipArchive
Installer files added to archive
Added to archive
After ziparchive close when adding installer

********************************************************************************
INTEGRITY CHECKS:
********************************************************************************
SQL FILE: 218.19KB
INSTALLER FILE: 63.97KB
ARCHIVE FILE: 63.42MB 
EXPECTED FILE/DIRECTORY COUNT: 7,572
ACTUAL FILE/DIRECTORY COUNT: 7,571
ARCHIVE CONSISTENCY TEST: Pass

********************************************************************************
RECORD ID:[1]
TOTAL PROCESS RUNTIME: 140.77 sec.
PEAK PHP MEMORY USED: 44MB
DONE PROCESSING => 20210420_timtechniquedintegrationmult 20 April 2021 23h23

